0 info it worked if it ends with ok
1 verbose cli [ 'node', '/usr/local/bin/npm', 'install', 'node_modules' ]
2 info using npm@2.5.1
3 info using node@v0.12.1
4 silly cache add args [ 'node_modules', null ]
5 verbose cache add spec node_modules
6 silly cache add parsed spec { raw: 'node_modules',
6 silly cache add   scope: null,
6 silly cache add   name: null,
6 silly cache add   rawSpec: 'node_modules',
6 silly cache add   spec: '/Users/brianfinck/Documents/CodeFellows/Week4/day4/Good_Neighbor_Ready/Good_Neighbor/node_modules',
6 silly cache add   type: 'local' }
7 error addLocal Could not install /Users/brianfinck/Documents/CodeFellows/Week4/day4/Good_Neighbor_Ready/Good_Neighbor/node_modules
8 verbose stack Error: EISDIR, read
8 verbose stack     at Error (native)
9 verbose cwd /Users/brianfinck/Documents/CodeFellows/Week4/day4/Good_Neighbor_Ready/Good_Neighbor
10 error Darwin 14.0.0
11 error argv "node" "/usr/local/bin/npm" "install" "node_modules"
12 error node v0.12.1
13 error npm  v2.5.1
14 error code EISDIR
15 error errno -21
16 error EISDIR, read
17 error If you need help, you may report this error at:
17 error     <http://github.com/npm/npm/issues>
18 verbose exit [ -21, true ]
